<?xml version="1.0" encoding="utf-8"?><TestRun id="a3f89db7-a87f-455c-8c9b-3442ae0efc77" name="@sandeep-HP-Pavilion-g6-Notebook-PC 2018-12-02 15:56:15" xmlns="http://microsoft.com/schemas/VisualStudio/TeamTest/2010"><Times creation="2018-12-02T15:56:15.2728896+08:00" queuing="2018-12-02T15:56:15.2728898+08:00" start="2018-12-02T15:55:46.6881749+08:00" finish="2018-12-02T15:56:42.0239247+08:00" /><TestSettings name="default" id="8dcd1499-1308-4a9b-979e-ff1f3f5b996f"><Deployment runDeploymentRoot="_sandeep-HP-Pavilion-g6-Notebook-PC_2018-12-02_15_56_15" /></TestSettings><Results><UnitTestResult executionId="d8e44db9-d9e7-4b03-b860-d8f62fd8ba8b" testId="915497c1-741a-498e-898e-8b70210afe99" testName="MyAccountShould.RegisterANewUser" computerName="sandeep-HP-Pavilion-g6-Notebook-PC" duration="00:00:26.8910000" startTime="2018-12-02T15:56:15.1445196+08:00" endTime="2018-12-02T15:56:15.1445204+08:00" testType="13cdc9d9-ddb5-4fa4-a97d-d965ccfc6d4b" outcome="Passed" testListId="8c84fa94-04c1-424b-9868-57a2d4851a1d" relativeResultsDirectory="d8e44db9-d9e7-4b03-b860-d8f62fd8ba8b" /><UnitTestResult executionId="0e4e1a52-3bf2-44f3-8a5c-369f8a608f97" testId="439a04bb-5255-4ca2-9bc6-ea4ba7fd8c44" testName="HomePageShould.LoadCorrectly" computerName="sandeep-HP-Pavilion-g6-Notebook-PC" duration="00:00:12.7570000" startTime="2018-12-02T15:56:41.9191091+08:00" endTime="2018-12-02T15:56:41.9191096+08:00" testType="13cdc9d9-ddb5-4fa4-a97d-d965ccfc6d4b" outcome="Passed" testListId="8c84fa94-04c1-424b-9868-57a2d4851a1d" relativeResultsDirectory="0e4e1a52-3bf2-44f3-8a5c-369f8a608f97" /><UnitTestResult executionId="651e8a50-02f3-4db2-86fa-dff67b67c68d" testId="e16732c9-1083-429d-988b-0dff8660475a" testName="HomePageShould.EnsuretheShoppingPriceAndCheckoutPrice" computerName="sandeep-HP-Pavilion-g6-Notebook-PC" duration="00:00:13.0060000" startTime="2018-12-02T15:56:28.1566016+08:00" endTime="2018-12-02T15:56:28.1566021+08:00" testType="13cdc9d9-ddb5-4fa4-a97d-d965ccfc6d4b" outcome="Passed" testListId="8c84fa94-04c1-424b-9868-57a2d4851a1d" relativeResultsDirectory="651e8a50-02f3-4db2-86fa-dff67b67c68d" /></Results><TestDefinitions><UnitTest name="HomePageShould.EnsuretheShoppingPriceAndCheckoutPrice" storage="/home/sandeep/desktop/seleniumautomation/seleniumautomationframework/bin/debug/netcoreapp2.1/seleniumautomationproject.dll" id="e16732c9-1083-429d-988b-0dff8660475a"><Execution id="651e8a50-02f3-4db2-86fa-dff67b67c68d" /><TestMethod codeBase="/home/sandeep/Desktop/SeleniumAutomation/SeleniumAutomationFramework/bin/Debug/netcoreapp2.1/SeleniumAutomationProject.dll" adapterTypeName="executor://xunit/VsTestRunner2/netcoreapp" className="HomePageShould" name="HomePageShould.EnsuretheShoppingPriceAndCheckoutPrice" /></UnitTest><UnitTest name="MyAccountShould.RegisterANewUser" storage="/home/sandeep/desktop/seleniumautomation/seleniumautomationframework/bin/debug/netcoreapp2.1/seleniumautomationproject.dll" id="915497c1-741a-498e-898e-8b70210afe99"><Execution id="d8e44db9-d9e7-4b03-b860-d8f62fd8ba8b" /><TestMethod codeBase="/home/sandeep/Desktop/SeleniumAutomation/SeleniumAutomationFramework/bin/Debug/netcoreapp2.1/SeleniumAutomationProject.dll" adapterTypeName="executor://xunit/VsTestRunner2/netcoreapp" className="MyAccountShould" name="MyAccountShould.RegisterANewUser" /></UnitTest><UnitTest name="HomePageShould.LoadCorrectly" storage="/home/sandeep/desktop/seleniumautomation/seleniumautomationframework/bin/debug/netcoreapp2.1/seleniumautomationproject.dll" id="439a04bb-5255-4ca2-9bc6-ea4ba7fd8c44"><Execution id="0e4e1a52-3bf2-44f3-8a5c-369f8a608f97" /><TestMethod codeBase="/home/sandeep/Desktop/SeleniumAutomation/SeleniumAutomationFramework/bin/Debug/netcoreapp2.1/SeleniumAutomationProject.dll" adapterTypeName="executor://xunit/VsTestRunner2/netcoreapp" className="HomePageShould" name="HomePageShould.LoadCorrectly" /></UnitTest></TestDefinitions><TestEntries><TestEntry testId="915497c1-741a-498e-898e-8b70210afe99" executionId="d8e44db9-d9e7-4b03-b860-d8f62fd8ba8b" testListId="8c84fa94-04c1-424b-9868-57a2d4851a1d" /><TestEntry testId="439a04bb-5255-4ca2-9bc6-ea4ba7fd8c44" executionId="0e4e1a52-3bf2-44f3-8a5c-369f8a608f97" testListId="8c84fa94-04c1-424b-9868-57a2d4851a1d" /><TestEntry testId="e16732c9-1083-429d-988b-0dff8660475a" executionId="651e8a50-02f3-4db2-86fa-dff67b67c68d" testListId="8c84fa94-04c1-424b-9868-57a2d4851a1d" /></TestEntries><TestLists><TestList name="Results Not in a List" id="8c84fa94-04c1-424b-9868-57a2d4851a1d" /><TestList name="All Loaded Results" id="19431567-8539-422a-85d7-44ee4e166bda" /></TestLists><ResultSummary outcome="Completed"><Counters total="3" executed="3" passed="3" failed="0" error="0" timeout="0" aborted="0" inconclusive="0" passedButRunAborted="0" notRunnable="0" notExecuted="0" disconnected="0" warning="0" completed="0" inProgress="0" pending="0" /><Output><StdOut>[xUnit.net 00:00:00.00] xUnit.net VSTest Adapter v2.4.1 (64-bit .NET Core 4.6.26919.02)[xUnit.net 00:00:00.59]   Discovering: SeleniumAutomationProject[xUnit.net 00:00:00.68]   Discovered:  SeleniumAutomationProject[xUnit.net 00:00:00.68]   Starting:    SeleniumAutomationProject[xUnit.net 00:00:53.51]   Finished:    SeleniumAutomationProject</StdOut></Output></ResultSummary></TestRun>