<?xml version="1.0" encoding="utf-8"?><TestRun id="bd8b5e71-b2a6-4a70-99e3-d16ea99300d4" name="@sandeep-HP-Pavilion-g6-Notebook-PC 2018-11-27 23:49:24" xmlns="http://microsoft.com/schemas/VisualStudio/TeamTest/2010"><Times creation="2018-11-27T23:49:24.4119366+08:00" queuing="2018-11-27T23:49:24.4119367+08:00" start="2018-11-27T23:49:08.3326862+08:00" finish="2018-11-27T23:49:37.9219426+08:00" /><TestSettings name="default" id="9a508f96-5767-4b2e-97f7-a968c6928b9f"><Deployment runDeploymentRoot="_sandeep-HP-Pavilion-g6-Notebook-PC_2018-11-27_23_49_24" /></TestSettings><Results><UnitTestResult executionId="4ebdc950-a685-4461-a4c1-0473ca56bc83" testId="921fd969-31dd-4bb8-a752-73b8a0bd5485" testName="HomePageShould.LoadCorrectly" computerName="sandeep-HP-Pavilion-g6-Notebook-PC" duration="00:00:13.4860000" startTime="2018-11-27T23:49:37.8083879+08:00" endTime="2018-11-27T23:49:37.8083890+08:00" testType="13cdc9d9-ddb5-4fa4-a97d-d965ccfc6d4b" outcome="Passed" testListId="8c84fa94-04c1-424b-9868-57a2d4851a1d" relativeResultsDirectory="4ebdc950-a685-4461-a4c1-0473ca56bc83" /><UnitTestResult executionId="deefa3f6-15c9-48bf-9217-c5e3f4a37c9c" testId="38baed7f-2807-4fa0-bbab-3fd6f30697c8" testName="HomePageShould.EnsuretheShoppingPriceAndCheckoutPrice" computerName="sandeep-HP-Pavilion-g6-Notebook-PC" duration="00:00:14.3300000" startTime="2018-11-27T23:49:24.3285599+08:00" endTime="2018-11-27T23:49:24.3285606+08:00" testType="13cdc9d9-ddb5-4fa4-a97d-d965ccfc6d4b" outcome="Passed" testListId="8c84fa94-04c1-424b-9868-57a2d4851a1d" relativeResultsDirectory="deefa3f6-15c9-48bf-9217-c5e3f4a37c9c" /><UnitTestResult executionId="3677b5b5-f892-45b4-afbf-69549b5da919" testId="5fcbf4b1-0dd8-4954-824f-cdf34732dfdb" testName="MyAccountShould.RegisterANewUser" computerName="sandeep-HP-Pavilion-g6-Notebook-PC" duration="00:00:14.4070000" startTime="2018-11-27T23:49:24.4718975+08:00" endTime="2018-11-27T23:49:24.4718982+08:00" testType="13cdc9d9-ddb5-4fa4-a97d-d965ccfc6d4b" outcome="Failed" testListId="8c84fa94-04c1-424b-9868-57a2d4851a1d" relativeResultsDirectory="3677b5b5-f892-45b4-afbf-69549b5da919"><Output><ErrorInfo><Message>System.AggregateException : One or more errors occurred. (no such session
  (Driver info: chromedriver=2.41.578700 (2f1ed5f9343c13f73144538f15c00b370eda6706),platform=Linux 4.15.0-29-generic x86_64)) (no such session
  (Driver info: chromedriver=2.41.578700 (2f1ed5f9343c13f73144538f15c00b370eda6706),platform=Linux 4.15.0-29-generic x86_64))
---- OpenQA.Selenium.WebDriverException : no such session
  (Driver info: chromedriver=2.41.578700 (2f1ed5f9343c13f73144538f15c00b370eda6706),platform=Linux 4.15.0-29-generic x86_64)
---- OpenQA.Selenium.WebDriverException : no such session
  (Driver info: chromedriver=2.41.578700 (2f1ed5f9343c13f73144538f15c00b370eda6706),platform=Linux 4.15.0-29-generic x86_64)</Message><StackTrace>
----- Inner Stack Trace #1 (OpenQA.Selenium.WebDriverException) -----
   at OpenQA.Selenium.Remote.RemoteWebDriver.UnpackAndThrowOnError(Response errorResponse)
   at OpenQA.Selenium.Remote.RemoteWebDriver.Execute(String driverCommandToExecute, Dictionary`2 parameters)
   at OpenQA.Selenium.Remote.RemoteWebDriver.FindElement(String mechanism, String value)
   at BaseUtil.&lt;&gt;c__DisplayClass1_0.&lt;WaitForElementDisplayed&gt;b__0(IWebDriver drv) in /home/sandeep/Desktop/SeleniumAutomation/SeleniumAutomationFramework/Utils/BaseUtil.cs:line 13
   at OpenQA.Selenium.Support.UI.DefaultWait`1.Until[TResult](Func`2 condition)
   at BaseUtil.WaitForElementDisplayed(By by) in /home/sandeep/Desktop/SeleniumAutomation/SeleniumAutomationFramework/Utils/BaseUtil.cs:line 13
   at BaseUtil.SingleClick(By by) in /home/sandeep/Desktop/SeleniumAutomation/SeleniumAutomationFramework/Utils/BaseUtil.cs:line 36
   at HomePage.OpenMyAccount() in /home/sandeep/Desktop/SeleniumAutomation/SeleniumAutomationFramework/Pages/HomePage.cs:line 21
   at MyAccountShould.RegisterANewUser() in /home/sandeep/Desktop/SeleniumAutomation/SeleniumAutomationFramework/Tests/MyAccountShould.cs:line 21
----- Inner Stack Trace #2 (OpenQA.Selenium.WebDriverException) -----
   at OpenQA.Selenium.Remote.RemoteWebDriver.UnpackAndThrowOnError(Response errorResponse)
   at OpenQA.Selenium.Remote.RemoteWebDriver.Execute(String driverCommandToExecute, Dictionary`2 parameters)
   at OpenQA.Selenium.Remote.RemoteWebDriver.Close()
   at MyAccountShould.Dispose() in /home/sandeep/Desktop/SeleniumAutomation/SeleniumAutomationFramework/Tests/MyAccountShould.cs:line 31
   at ReflectionAbstractionExtensions.DisposeTestClass(ITest test, Object testClass, IMessageBus messageBus, ExecutionTimer timer, CancellationTokenSource cancellationTokenSource) in C:\Dev\xunit\xunit\src\xunit.execution\Extensions\ReflectionAbstractionExtensions.cs:line 79</StackTrace></ErrorInfo></Output></UnitTestResult></Results><TestDefinitions><UnitTest name="HomePageShould.EnsuretheShoppingPriceAndCheckoutPrice" storage="/home/sandeep/desktop/seleniumautomation/seleniumautomationframework/bin/debug/netcoreapp2.1/seleniumautomationproject.dll" id="38baed7f-2807-4fa0-bbab-3fd6f30697c8"><Execution id="deefa3f6-15c9-48bf-9217-c5e3f4a37c9c" /><TestMethod codeBase="/home/sandeep/Desktop/SeleniumAutomation/SeleniumAutomationFramework/bin/Debug/netcoreapp2.1/SeleniumAutomationProject.dll" adapterTypeName="executor://xunit/VsTestRunner2/netcoreapp" className="HomePageShould" name="HomePageShould.EnsuretheShoppingPriceAndCheckoutPrice" /></UnitTest><UnitTest name="HomePageShould.LoadCorrectly" storage="/home/sandeep/desktop/seleniumautomation/seleniumautomationframework/bin/debug/netcoreapp2.1/seleniumautomationproject.dll" id="921fd969-31dd-4bb8-a752-73b8a0bd5485"><Execution id="4ebdc950-a685-4461-a4c1-0473ca56bc83" /><TestMethod codeBase="/home/sandeep/Desktop/SeleniumAutomation/SeleniumAutomationFramework/bin/Debug/netcoreapp2.1/SeleniumAutomationProject.dll" adapterTypeName="executor://xunit/VsTestRunner2/netcoreapp" className="HomePageShould" name="HomePageShould.LoadCorrectly" /></UnitTest><UnitTest name="MyAccountShould.RegisterANewUser" storage="/home/sandeep/desktop/seleniumautomation/seleniumautomationframework/bin/debug/netcoreapp2.1/seleniumautomationproject.dll" id="5fcbf4b1-0dd8-4954-824f-cdf34732dfdb"><Execution id="3677b5b5-f892-45b4-afbf-69549b5da919" /><TestMethod codeBase="/home/sandeep/Desktop/SeleniumAutomation/SeleniumAutomationFramework/bin/Debug/netcoreapp2.1/SeleniumAutomationProject.dll" adapterTypeName="executor://xunit/VsTestRunner2/netcoreapp" className="MyAccountShould" name="MyAccountShould.RegisterANewUser" /></UnitTest></TestDefinitions><TestEntries><TestEntry testId="921fd969-31dd-4bb8-a752-73b8a0bd5485" executionId="4ebdc950-a685-4461-a4c1-0473ca56bc83" testListId="8c84fa94-04c1-424b-9868-57a2d4851a1d" /><TestEntry testId="38baed7f-2807-4fa0-bbab-3fd6f30697c8" executionId="deefa3f6-15c9-48bf-9217-c5e3f4a37c9c" testListId="8c84fa94-04c1-424b-9868-57a2d4851a1d" /><TestEntry testId="5fcbf4b1-0dd8-4954-824f-cdf34732dfdb" executionId="3677b5b5-f892-45b4-afbf-69549b5da919" testListId="8c84fa94-04c1-424b-9868-57a2d4851a1d" /></TestEntries><TestLists><TestList name="Results Not in a List" id="8c84fa94-04c1-424b-9868-57a2d4851a1d" /><TestList name="All Loaded Results" id="19431567-8539-422a-85d7-44ee4e166bda" /></TestLists><ResultSummary outcome="Failed"><Counters total="3" executed="3" passed="2" failed="1" error="0" timeout="0" aborted="0" inconclusive="0" passedButRunAborted="0" notRunnable="0" notExecuted="0" disconnected="0" warning="0" completed="0" inProgress="0" pending="0" /><Output><StdOut>[xUnit.net 00:00:00.00] xUnit.net VSTest Adapter v2.4.1 (64-bit .NET Core 4.6.26919.02)[xUnit.net 00:00:00.59]   Discovering: SeleniumAutomationProject[xUnit.net 00:00:00.68]   Discovered:  SeleniumAutomationProject[xUnit.net 00:00:00.68]   Starting:    SeleniumAutomationProject[xUnit.net 00:00:15.31]       System.AggregateException : One or more errors occurred. (no such session[xUnit.net 00:00:15.31]         (Driver info: chromedriver=2.41.578700 (2f1ed5f9343c13f73144538f15c00b370eda6706),platform=Linux 4.15.0-29-generic x86_64)) (no such session[xUnit.net 00:00:15.31]         (Driver info: chromedriver=2.41.578700 (2f1ed5f9343c13f73144538f15c00b370eda6706),platform=Linux 4.15.0-29-generic x86_64))[xUnit.net 00:00:15.31]       ---- OpenQA.Selenium.WebDriverException : no such session[xUnit.net 00:00:15.31]         (Driver info: chromedriver=2.41.578700 (2f1ed5f9343c13f73144538f15c00b370eda6706),platform=Linux 4.15.0-29-generic x86_64)[xUnit.net 00:00:15.31]       ---- OpenQA.Selenium.WebDriverException : no such session[xUnit.net 00:00:15.31]         (Driver info: chromedriver=2.41.578700 (2f1ed5f9343c13f73144538f15c00b370eda6706),platform=Linux 4.15.0-29-generic x86_64)[xUnit.net 00:00:15.31]       Stack Trace:[xUnit.net 00:00:15.31]         [xUnit.net 00:00:15.31]         ----- Inner Stack Trace #1 (OpenQA.Selenium.WebDriverException) -----[xUnit.net 00:00:15.31]            at OpenQA.Selenium.Remote.RemoteWebDriver.UnpackAndThrowOnError(Response errorResponse)[xUnit.net 00:00:15.32]            at OpenQA.Selenium.Remote.RemoteWebDriver.Execute(String driverCommandToExecute, Dictionary`2 parameters)[xUnit.net 00:00:15.32]            at OpenQA.Selenium.Remote.RemoteWebDriver.FindElement(String mechanism, String value)[xUnit.net 00:00:15.33]         /home/sandeep/Desktop/SeleniumAutomation/SeleniumAutomationFramework/Utils/BaseUtil.cs(13,0): at BaseUtil.&lt;&gt;c__DisplayClass1_0.&lt;WaitForElementDisplayed&gt;b__0(IWebDriver drv)[xUnit.net 00:00:15.33]            at OpenQA.Selenium.Support.UI.DefaultWait`1.Until[TResult](Func`2 condition)[xUnit.net 00:00:15.33]         /home/sandeep/Desktop/SeleniumAutomation/SeleniumAutomationFramework/Utils/BaseUtil.cs(13,0): at BaseUtil.WaitForElementDisplayed(By by)[xUnit.net 00:00:15.33]         /home/sandeep/Desktop/SeleniumAutomation/SeleniumAutomationFramework/Utils/BaseUtil.cs(36,0): at BaseUtil.SingleClick(By by)[xUnit.net 00:00:15.33]         /home/sandeep/Desktop/SeleniumAutomation/SeleniumAutomationFramework/Pages/HomePage.cs(21,0): at HomePage.OpenMyAccount()[xUnit.net 00:00:15.33]         /home/sandeep/Desktop/SeleniumAutomation/SeleniumAutomationFramework/Tests/MyAccountShould.cs(21,0): at MyAccountShould.RegisterANewUser()[xUnit.net 00:00:15.33]         ----- Inner Stack Trace #2 (OpenQA.Selenium.WebDriverException) -----[xUnit.net 00:00:15.33]            at OpenQA.Selenium.Remote.RemoteWebDriver.UnpackAndThrowOnError(Response errorResponse)[xUnit.net 00:00:15.33]            at OpenQA.Selenium.Remote.RemoteWebDriver.Execute(String driverCommandToExecute, Dictionary`2 parameters)[xUnit.net 00:00:15.33]            at OpenQA.Selenium.Remote.RemoteWebDriver.Close()[xUnit.net 00:00:15.33]         /home/sandeep/Desktop/SeleniumAutomation/SeleniumAutomationFramework/Tests/MyAccountShould.cs(31,0): at MyAccountShould.Dispose()[xUnit.net 00:00:15.33]         C:\Dev\xunit\xunit\src\xunit.execution\Extensions\ReflectionAbstractionExtensions.cs(79,0): at ReflectionAbstractionExtensions.DisposeTestClass(ITest test, Object testClass, IMessageBus messageBus, ExecutionTimer timer, CancellationTokenSource cancellationTokenSource)[xUnit.net 00:00:28.68]   Finished:    SeleniumAutomationProject</StdOut></Output><RunInfos><RunInfo computerName="sandeep-HP-Pavilion-g6-Notebook-PC" outcome="Error" timestamp="2018-11-27T23:49:24.4603008+08:00"><Text>[xUnit.net 00:00:15.31]     MyAccountShould.RegisterANewUser [FAIL]</Text></RunInfo></RunInfos></ResultSummary></TestRun>