<?xml version="1.0" encoding="utf-8"?><TestRun id="234ccd36-2e04-4049-a4ec-961f6bd95ebe" name="@sandeep-HP-Pavilion-g6-Notebook-PC 2018-12-01 19:53:08" xmlns="http://microsoft.com/schemas/VisualStudio/TeamTest/2010"><Times creation="2018-12-01T19:53:08.5228793+08:00" queuing="2018-12-01T19:53:08.5228794+08:00" start="2018-12-01T19:52:57.2637338+08:00" finish="2018-12-01T19:53:38.5612219+08:00" /><TestSettings name="default" id="b561bdb5-b2b7-4610-9c76-e2b86919f9ae"><Deployment runDeploymentRoot="_sandeep-HP-Pavilion-g6-Notebook-PC_2018-12-01_19_53_08" /></TestSettings><Results><UnitTestResult executionId="f2271236-87dc-4e45-9e21-b3bf0f39995e" testId="59cd90f3-1c44-4af7-9638-97a59e5b272f" testName="MyAccountShould.RegisterANewUser" computerName="sandeep-HP-Pavilion-g6-Notebook-PC" duration="00:00:18.3810000" startTime="2018-12-01T19:53:38.4608549+08:00" endTime="2018-12-01T19:53:38.4608553+08:00" testType="13cdc9d9-ddb5-4fa4-a97d-d965ccfc6d4b" outcome="Passed" testListId="8c84fa94-04c1-424b-9868-57a2d4851a1d" relativeResultsDirectory="f2271236-87dc-4e45-9e21-b3bf0f39995e" /><UnitTestResult executionId="68d56f6a-8920-4515-8ab0-43f4802f5cca" testId="b5e566d0-4bf6-408f-a527-fd8933b9311b" testName="HomePageShould.EnsuretheShoppingPriceAndCheckoutPrice" computerName="sandeep-HP-Pavilion-g6-Notebook-PC" duration="00:00:09.5380000" startTime="2018-12-01T19:53:08.4407941+08:00" endTime="2018-12-01T19:53:08.4407949+08:00" testType="13cdc9d9-ddb5-4fa4-a97d-d965ccfc6d4b" outcome="Failed" testListId="8c84fa94-04c1-424b-9868-57a2d4851a1d" relativeResultsDirectory="68d56f6a-8920-4515-8ab0-43f4802f5cca"><Output><ErrorInfo><Message>Assert.True() Failure
Expected: True
Actual:   False</Message><StackTrace>   at HomePageShould.EnsuretheShoppingPriceAndCheckoutPrice() in /home/sandeep/Desktop/SeleniumAutomation/SeleniumAutomationFramework/Tests/HomePageShould.cs:line 34</StackTrace></ErrorInfo></Output></UnitTestResult><UnitTestResult executionId="40501f07-9f66-4b56-b26a-7ba6a7a15971" testId="3e82a207-5082-45a6-aa5e-ea8f51bd473a" testName="HomePageShould.LoadCorrectly" computerName="sandeep-HP-Pavilion-g6-Notebook-PC" duration="00:00:11.6470000" startTime="2018-12-01T19:53:20.0666968+08:00" endTime="2018-12-01T19:53:20.0666978+08:00" testType="13cdc9d9-ddb5-4fa4-a97d-d965ccfc6d4b" outcome="Passed" testListId="8c84fa94-04c1-424b-9868-57a2d4851a1d" relativeResultsDirectory="40501f07-9f66-4b56-b26a-7ba6a7a15971" /></Results><TestDefinitions><UnitTest name="HomePageShould.LoadCorrectly" storage="/home/sandeep/desktop/seleniumautomation/seleniumautomationframework/bin/debug/netcoreapp2.1/seleniumautomationproject.dll" id="3e82a207-5082-45a6-aa5e-ea8f51bd473a"><Execution id="40501f07-9f66-4b56-b26a-7ba6a7a15971" /><TestMethod codeBase="/home/sandeep/Desktop/SeleniumAutomation/SeleniumAutomationFramework/bin/Debug/netcoreapp2.1/SeleniumAutomationProject.dll" adapterTypeName="executor://xunit/VsTestRunner2/netcoreapp" className="HomePageShould" name="HomePageShould.LoadCorrectly" /></UnitTest><UnitTest name="MyAccountShould.RegisterANewUser" storage="/home/sandeep/desktop/seleniumautomation/seleniumautomationframework/bin/debug/netcoreapp2.1/seleniumautomationproject.dll" id="59cd90f3-1c44-4af7-9638-97a59e5b272f"><Execution id="f2271236-87dc-4e45-9e21-b3bf0f39995e" /><TestMethod codeBase="/home/sandeep/Desktop/SeleniumAutomation/SeleniumAutomationFramework/bin/Debug/netcoreapp2.1/SeleniumAutomationProject.dll" adapterTypeName="executor://xunit/VsTestRunner2/netcoreapp" className="MyAccountShould" name="MyAccountShould.RegisterANewUser" /></UnitTest><UnitTest name="HomePageShould.EnsuretheShoppingPriceAndCheckoutPrice" storage="/home/sandeep/desktop/seleniumautomation/seleniumautomationframework/bin/debug/netcoreapp2.1/seleniumautomationproject.dll" id="b5e566d0-4bf6-408f-a527-fd8933b9311b"><Execution id="68d56f6a-8920-4515-8ab0-43f4802f5cca" /><TestMethod codeBase="/home/sandeep/Desktop/SeleniumAutomation/SeleniumAutomationFramework/bin/Debug/netcoreapp2.1/SeleniumAutomationProject.dll" adapterTypeName="executor://xunit/VsTestRunner2/netcoreapp" className="HomePageShould" name="HomePageShould.EnsuretheShoppingPriceAndCheckoutPrice" /></UnitTest></TestDefinitions><TestEntries><TestEntry testId="59cd90f3-1c44-4af7-9638-97a59e5b272f" executionId="f2271236-87dc-4e45-9e21-b3bf0f39995e" testListId="8c84fa94-04c1-424b-9868-57a2d4851a1d" /><TestEntry testId="b5e566d0-4bf6-408f-a527-fd8933b9311b" executionId="68d56f6a-8920-4515-8ab0-43f4802f5cca" testListId="8c84fa94-04c1-424b-9868-57a2d4851a1d" /><TestEntry testId="3e82a207-5082-45a6-aa5e-ea8f51bd473a" executionId="40501f07-9f66-4b56-b26a-7ba6a7a15971" testListId="8c84fa94-04c1-424b-9868-57a2d4851a1d" /></TestEntries><TestLists><TestList name="Results Not in a List" id="8c84fa94-04c1-424b-9868-57a2d4851a1d" /><TestList name="All Loaded Results" id="19431567-8539-422a-85d7-44ee4e166bda" /></TestLists><ResultSummary outcome="Failed"><Counters total="3" executed="3" passed="2" failed="1" error="0" timeout="0" aborted="0" inconclusive="0" passedButRunAborted="0" notRunnable="0" notExecuted="0" disconnected="0" warning="0" completed="0" inProgress="0" pending="0" /><Output><StdOut>[xUnit.net 00:00:00.00] xUnit.net VSTest Adapter v2.4.1 (64-bit .NET Core 4.6.26919.02)[xUnit.net 00:00:00.59]   Discovering: SeleniumAutomationProject[xUnit.net 00:00:00.68]   Discovered:  SeleniumAutomationProject[xUnit.net 00:00:00.69]   Starting:    SeleniumAutomationProject[xUnit.net 00:00:10.41]       Assert.True() Failure[xUnit.net 00:00:10.41]       Expected: True[xUnit.net 00:00:10.41]       Actual:   False[xUnit.net 00:00:10.41]       Stack Trace:[xUnit.net 00:00:10.41]         /home/sandeep/Desktop/SeleniumAutomation/SeleniumAutomationFramework/Tests/HomePageShould.cs(34,0): at HomePageShould.EnsuretheShoppingPriceAndCheckoutPrice()[xUnit.net 00:00:40.44]   Finished:    SeleniumAutomationProject</StdOut></Output><RunInfos><RunInfo computerName="sandeep-HP-Pavilion-g6-Notebook-PC" outcome="Error" timestamp="2018-12-01T19:53:08.4333003+08:00"><Text>[xUnit.net 00:00:10.41]     HomePageShould.EnsuretheShoppingPriceAndCheckoutPrice [FAIL]</Text></RunInfo></RunInfos></ResultSummary></TestRun>